<?xml version="1.0" encoding="UTF-8"?>
<!-- Generated by org.testng.reporters.JUnitReportReporter -->
<testsuite hostname="Denizs-MBP-2.fios-router.home" failures="0" tests="6" name="scripts.CarvanaTest" time="63.349" errors="0" timestamp="2022-06-17T23:24:44 EDT" skipped="0">
  <testcase classname="scripts.CarvanaTest" name="testCarvanaTitleAndURL" time="5.699"/>
  <system-out/>
  <testcase classname="scripts.CarvanaTest" name="testCarvanaLogo" time="5.633"/>
  <system-out/>
  <testcase classname="scripts.CarvanaTest" name="testMainMenu" time="5.782"/>
  <system-out/>
  <testcase classname="scripts.CarvanaTest" name="testSignInErrorMessages" time="8.082"/>
  <system-out/>
  <testcase classname="scripts.CarvanaTest" name="testFilterOptions" time="17.108"/>
  <system-out/>
  <testcase classname="scripts.CarvanaTest" name="testSearchResultTiles" time="21.045"/>
  <system-out/>
</testsuite> <!-- scripts.CarvanaTest -->
